<?xml version="1.0" encoding="UTF-8"?>
<!-- Generated by org.testng.reporters.JUnitReportReporter -->
<testsuite hostname="LE15-GNK1-IND" failures="0" tests="2" name="testpackage.Class2" time="0.001" errors="0" timestamp="2022-02-11T15:31:13 IST" skipped="1">
  <testcase classname="testpackage.Class2" name="forsmoketestgroup" time="0.001"/>
  <system-out/>
  <testcase classname="testpackage.Class2" name="dd">
    <skipped/>
  </testcase> <!-- dd -->
  <system-out/>
</testsuite> <!-- testpackage.Class2 -->
