<?xml version="1.0" encoding="UTF-8"?>
<!-- Generated by org.testng.reporters.JUnitReportReporter -->
<testsuite hostname="LE15-GNK1-IND" failures="0" tests="1" name="testpackage.basics" time="0.010" errors="0" timestamp="2022-02-11T15:31:13 IST" skipped="0">
  <testcase classname="testpackage.basics" name="Case2" time="0.010"/>
  <system-out/>
</testsuite> <!-- testpackage.basics -->
